# JRE version: OpenJDK Runtime Environment Temurin-21.0.5+11 (21.0.5+11) (build 21.0.5+11-LTS)
# Java VM: OpenJDK 64-Bit Server VM Temurin-21.0.5+11 (21.0.5+11-LTS, mixed mode, tiered, compressed oops, compressed class ptrs, g1 gc, windows-amd64)
GC Precious Log:
 CardTable entry size: 512
 Card Set container configuration: InlinePtr #cards 5 size 8 Array Of Cards #cards 12 size 40 Howl #buckets 4 coarsen threshold 1843 Howl Bitmap #cards 512 size 80 coarsen threshold 460 Card regions per heap region 1 cards per card region 2048
 CPUs: 8 total, 8 available
 Memory: 32510M
 Large Page Support: Disabled
 NUMA Support: Disabled
 Compressed Oops: Enabled (32-bit)
 Heap Region Size: 1M
 Heap Min Capacity: 64M
 Heap Initial Capacity: 64M
 Heap Max Capacity: 1G
 Pre-touch: Disabled
 Parallel Workers: 8
 Concurrent Workers: 2
 Concurrent Refinement Workers: 8
 Periodic GC: Disabled
Heap:
 garbage-first heap   total 86016K, used 64815K [0x00000000c0000000, 0x0000000100000000)
  region size 1024K, 23 young (23552K), 4 survivors (4096K)
 Metaspace       used 79611K, committed 81536K, reserved 1179648K
  class space    used 8905K, committed 9728K, reserved 1048576K
GC Heap History (20 events):
Event: 7441.829 GC heap before
{Heap before GC invocations=35 (full 0):
 garbage-first heap   total 86016K, used 74587K [0x00000000c0000000, 0x0000000100000000)
  region size 1024K, 28 young (28672K), 4 survivors (4096K)
 Metaspace       used 79323K, committed 81408K, reserved 1179648K
  class space    used 8892K, committed 9728K, reserved 1048576K
}
Event: 7441.838 GC heap after
{Heap after GC invocations=36 (full 0):
 garbage-first heap   total 86016K, used 47313K [0x00000000c0000000, 0x0000000100000000)
  region size 1024K, 4 young (4096K), 4 survivors (4096K)
 Metaspace       used 79323K, committed 81408K, reserved 1179648K
  class space    used 8892K, committed 9728K, reserved 1048576K
}
Event: 7623.203 GC heap before
{Heap before GC invocations=36 (full 0):
 garbage-first heap   total 86016K, used 72913K [0x00000000c0000000, 0x0000000100000000)
  region size 1024K, 29 young (29696K), 4 survivors (4096K)
 Metaspace       used 79402K, committed 81408K, reserved 1179648K
  class space    used 8892K, committed 9728K, reserved 1048576K
}
Event: 7623.207 GC heap after
{Heap after GC invocations=37 (full 0):
 garbage-first heap   total 86016K, used 48259K [0x00000000c0000000, 0x0000000100000000)
  region size 1024K, 4 young (4096K), 4 survivors (4096K)
 Metaspace       used 79402K, committed 81408K, reserved 1179648K
  class space    used 8892K, committed 9728K, reserved 1048576K
}
Event: 7817.833 GC heap before
{Heap before GC invocations=38 (full 0):
 garbage-first heap   total 86016K, used 72835K [0x00000000c0000000, 0x0000000100000000)
  region size 1024K, 28 young (28672K), 4 survivors (4096K)
 Metaspace       used 79450K, committed 81408K, reserved 1179648K
  class space    used 8892K, committed 9728K, reserved 1048576K
}
Event: 7817.838 GC heap after
{Heap after GC invocations=39 (full 0):
 garbage-first heap   total 86016K, used 48802K [0x00000000c0000000, 0x0000000100000000)
  region size 1024K, 4 young (4096K), 4 survivors (4096K)
 Metaspace       used 79450K, committed 81408K, reserved 1179648K
  class space    used 8892K, committed 9728K, reserved 1048576K
}
Event: 7988.710 GC heap before
{Heap before GC invocations=39 (full 0):
 garbage-first heap   total 86016K, used 73378K [0x00000000c0000000, 0x0000000100000000)
  region size 1024K, 29 young (29696K), 4 survivors (4096K)
 Metaspace       used 79469K, committed 81408K, reserved 1179648K
  class space    used 8892K, committed 9728K, reserved 1048576K
}
Event: 7988.715 GC heap after
{Heap after GC invocations=40 (full 0):
 garbage-first heap   total 86016K, used 45747K [0x00000000c0000000, 0x0000000100000000)
  region size 1024K, 4 young (4096K), 4 survivors (4096K)
 Metaspace       used 79469K, committed 81408K, reserved 1179648K
  class space    used 8892K, committed 9728K, reserved 1048576K
}
Event: 8367.967 GC heap before
{Heap before GC invocations=40 (full 0):
 garbage-first heap   total 86016K, used 72371K [0x00000000c0000000, 0x0000000100000000)
  region size 1024K, 30 young (30720K), 4 survivors (4096K)
 Metaspace       used 79490K, committed 81408K, reserved 1179648K
  class space    used 8892K, committed 9728K, reserved 1048576K
}
Event: 8367.969 GC heap after
{Heap after GC invocations=41 (full 0):
 garbage-first heap   total 86016K, used 45935K [0x00000000c0000000, 0x0000000100000000)
  region size 1024K, 4 young (4096K), 4 survivors (4096K)
 Metaspace       used 79490K, committed 81408K, reserved 1179648K
  class space    used 8892K, committed 9728K, reserved 1048576K
}
Event: 9574.061 GC heap before
{Heap before GC invocations=42 (full 0):
 garbage-first heap   total 86016K, used 72559K [0x00000000c0000000, 0x0000000100000000)
  region size 1024K, 30 young (30720K), 4 survivors (4096K)
 Metaspace       used 79490K, committed 81408K, reserved 1179648K
  class space    used 8892K, committed 9728K, reserved 1048576K
}
Event: 9574.065 GC heap after
{Heap after GC invocations=43 (full 0):
 garbage-first heap   total 86016K, used 42722K [0x00000000c0000000, 0x0000000100000000)
  region size 1024K, 1 young (1024K), 1 survivors (1024K)
 Metaspace       used 79490K, committed 81408K, reserved 1179648K
  class space    used 8892K, committed 9728K, reserved 1048576K
}
Event: 10398.931 GC heap before
{Heap before GC invocations=43 (full 0):
 garbage-first heap   total 86016K, used 73442K [0x00000000c0000000, 0x0000000100000000)
  region size 1024K, 31 young (31744K), 1 survivors (1024K)
 Metaspace       used 79498K, committed 81408K, reserved 1179648K
  class space    used 8892K, committed 9728K, reserved 1048576K
}
Event: 10398.936 GC heap after
{Heap after GC invocations=44 (full 0):
 garbage-first heap   total 86016K, used 43898K [0x00000000c0000000, 0x0000000100000000)
  region size 1024K, 3 young (3072K), 3 survivors (3072K)
 Metaspace       used 79498K, committed 81408K, reserved 1179648K
  class space    used 8892K, committed 9728K, reserved 1048576K
}
Event: 10605.677 GC heap before
{Heap before GC invocations=44 (full 0):
 garbage-first heap   total 86016K, used 74618K [0x00000000c0000000, 0x0000000100000000)
  region size 1024K, 33 young (33792K), 3 survivors (3072K)
 Metaspace       used 79509K, committed 81408K, reserved 1179648K
  class space    used 8892K, committed 9728K, reserved 1048576K
}
Event: 10605.680 GC heap after
{Heap after GC invocations=45 (full 0):
 garbage-first heap   total 86016K, used 46452K [0x00000000c0000000, 0x0000000100000000)
  region size 1024K, 5 young (5120K), 5 survivors (5120K)
 Metaspace       used 79509K, committed 81408K, reserved 1179648K
  class space    used 8892K, committed 9728K, reserved 1048576K
}
Event: 10794.743 GC heap before
{Heap before GC invocations=46 (full 0):
 garbage-first heap   total 86016K, used 74100K [0x00000000c0000000, 0x0000000100000000)
  region size 1024K, 32 young (32768K), 5 survivors (5120K)
 Metaspace       used 79554K, committed 81536K, reserved 1179648K
  class space    used 8896K, committed 9728K, reserved 1048576K
}
Event: 10794.747 GC heap after
{Heap after GC invocations=47 (full 0):
 garbage-first heap   total 86016K, used 46688K [0x00000000c0000000, 0x0000000100000000)
  region size 1024K, 4 young (4096K), 4 survivors (4096K)
 Metaspace       used 79554K, committed 81536K, reserved 1179648K
  class space    used 8896K, committed 9728K, reserved 1048576K
}
Event: 10986.667 GC heap before
{Heap before GC invocations=47 (full 0):
 garbage-first heap   total 86016K, used 73312K [0x00000000c0000000, 0x0000000100000000)
  region size 1024K, 30 young (30720K), 4 survivors (4096K)
 Metaspace       used 79560K, committed 81536K, reserved 1179648K
  class space    used 8896K, committed 9728K, reserved 1048576K
}
Event: 10986.675 GC heap after
{Heap after GC invocations=48 (full 0):
 garbage-first heap   total 86016K, used 46383K [0x00000000c0000000, 0x0000000100000000)
  region size 1024K, 4 young (4096K), 4 survivors (4096K)
 Metaspace       used 79560K, committed 81536K, reserved 1179648K
  class space    used 8896K, committed 9728K, reserved 1048576K
}

